<?xml version="1.0" encoding="utf-8"?><testsuites><testsuite name="pytest" errors="0" failures="0" skipped="0" tests="27" time="8.127" timestamp="2026-01-20T11:48:06.881272" hostname="NB034552"><testcase classname="tests.test_business_rules" name="test_validate_contract_totals_with_no_award_data" time="0.019" /><testcase classname="tests.test_business_rules" name="test_validate_contract_totals_with_matching_winner" time="0.001" /><testcase classname="tests.test_business_rules" name="test_validate_contract_totals_with_mismatch" time="0.000" /><testcase classname="tests.test_business_rules" name="test_validate_bid_items_sum_matches" time="0.000" /><testcase classname="tests.test_business_rules" name="test_validate_bid_items_sum_mismatch" time="0.000" /><testcase classname="tests.test_business_rules" name="test_validate_bidder_outliers_detected" time="0.000" /><testcase classname="tests.test_business_rules" name="test_validate_bidder_outliers_insufficient_data" time="0.000" /><testcase classname="tests.test_business_rules" name="test_validate_dates_order_ok" time="0.001" /><testcase classname="tests.test_business_rules" name="test_validate_dates_order_invalid_available_completion" time="0.001" /><testcase classname="tests.test_business_rules" name="test_validate_goals_consistent" time="0.000" /><testcase classname="tests.test_business_rules" name="test_validate_goals_inconsistent" time="0.000" /><testcase classname="tests.test_business_rules" name="test_validate_all_success" time="0.001" /><testcase classname="tests.test_business_rules" name="test_validate_all_skips_failed_extraction" time="0.001" /><testcase classname="tests.test_classifier" name="test_classify_by_filename[Invitation to Bid.pdf-DocumentType.INVITATION_TO_BID]" time="0.001" /><testcase classname="tests.test_classifier" name="test_classify_by_filename[Bid Tabs.pdf-DocumentType.BID_TABS]" time="0.001" /><testcase classname="tests.test_classifier" name="test_classify_by_filename[Award Letter.pdf-DocumentType.AWARD_LETTER]" time="0.001" /><testcase classname="tests.test_classifier" name="test_classify_by_filename[Item C Report.pdf-DocumentType.ITEM_C_REPORT]" time="0.000" /><testcase classname="tests.test_classifier" name="test_classify_by_filename[Bid Summary.pdf-DocumentType.BID_SUMMARY]" time="0.001" /><testcase classname="tests.test_classifier" name="test_classify_by_filename[Bids As Read.pdf-DocumentType.BIDS_AS_READ]" time="0.001" /><testcase classname="tests.test_classifier" name="test_classify_by_filename[Other.pdf-DocumentType.UNKNOWN]" time="0.001" /><testcase classname="tests.test_classifier" name="test_classify_by_content_invitation" time="0.001" /><testcase classname="tests.test_classifier" name="test_classify_by_content_award_letter" time="0.001" /><testcase classname="tests.test_classifier" name="test_classify_by_content_item_c" time="0.001" /><testcase classname="tests.test_classifier" name="test_classify_by_content_bid_tabs" time="0.001" /><testcase classname="tests.test_classifier" name="test_classify_by_content_bids_as_read" time="0.001" /><testcase classname="tests.test_classifier" name="test_classify_by_content_unknown_on_empty" time="0.001" /><testcase classname="tests.test_classifier" name="test_get_extractor_class_mapping" time="1.366" /></testsuite></testsuites>